<?xml version="1.0" encoding="UTF-8"?>
<!-- Generated by org.testng.reporters.JUnitReportReporter -->
<testsuite hostname="DESKTOP-0GF70LN" name="SuitBaseClass.BaseClass" tests="1" failures="0" timestamp="4 Nov 2017 09:58:40 GMT" time="14.004" errors="0">
  <testcase name="UsrLogin" time="14.004" classname="SuitBaseClass.BaseClass"/>
</testsuite> <!-- SuitBaseClass.BaseClass -->
