<?xml version="1.0" encoding="UTF-8"?>
<!-- Generated by org.testng.reporters.JUnitReportReporter -->
<testsuite hostname="DESKTOP-0GF70LN" name="TestCase.Login" tests="1" failures="0" timestamp="5 Nov 2017 00:05:31 GMT" time="14.690" errors="0">
  <testcase name="UsrLogin" time="14.690" classname="TestCase.Login"/>
</testsuite> <!-- TestCase.Login -->
